#
# A fatal error has been detected by the Java Runtime Environment:
#
#  SIGSEGV (0xb) at pc=0x000000010f3c6834, pid=5304, tid=0x0000000000000103
#
# JRE version: OpenJDK Runtime Environment (8.0_292-b10) (build 1.8.0_292-b10)
# Java VM: OpenJDK 64-Bit Server VM (25.292-b10 mixed mode bsd-amd64 compressed oops)
# Problematic frame:
# C  [libglass.dylib+0x5834]  -[GlassApplication applicationWillHide:]+0xd4
#
# Failed to write core dump. Core dumps have been disabled. To enable core dumping, try "ulimit -c unlimited" before starting Java again
#
# If you would like to submit a bug report, please visit:
#   https://github.com/corretto/corretto-8/issues/
#

---------------  T H R E A D  ---------------

Current thread is native thread

siginfo: si_signo: 11 (SIGSEGV), si_code: 1 (SEGV_MAPERR), si_addr: 0x0000000000000000

Registers:
RAX=0x00007fa68ad42e70, RBX=0x0000000000000000, RCX=0x00007fa68b00c088, RDX=0x0000000000000000
RSP=0x00007ffee6fb5fc0, RBP=0x00007ffee6fb63f0, RSI=0x00007fa68b00c000, RDI=0x00007fa68b00c080
R8 =0x0000000000000000, R9 =0x00007fff802716e0, R10=0x00007fff8026e9b8, R11=0x00007fff2133d11e
R12=0x00007fa68c1b8200, R13=0x00007fff2039c800, R14=0x00007fa68ad2aaf0, R15=0x00007fa68ad42e70
RIP=0x000000010f3c6834, EFLAGS=0x0000000000010202, ERR=0x0000000000000004
  TRAPNO=0x000000000000000e

Top of Stack: (sp=0x00007ffee6fb5fc0)
0x00007ffee6fb5fc0:   000000010f3c67d5 00007fff205ed21d
0x00007ffee6fb5fd0:   00007fff20688c7c 00007fff20688bfa
0x00007ffee6fb5fe0:   00007fff205be29e 00007fff213292c8
0x00007ffee6fb5ff0:   00007fff2308a44d 00007fff23003973
0x00007ffee6fb6000:   00007fff287efdc1 00007fff287ef1e3
0x00007ffee6fb6010:   00007fff28804a92 00007fff22df1ebe
0x00007ffee6fb6020:   00007fff22df0305 00007fff22de2679
0x00007ffee6fb6030:   00000001283e57f9 0000000128378669
0x00007ffee6fb6040:   00007fff213a00c1 00007fff205f7a8c
0x00007ffee6fb6050:   00007fff205f79f4 00007fff205f7774
0x00007ffee6fb6060:   00007fff205f619c 00007fff205f575c
0x00007ffee6fb6070:   0000000108c4aba2 0000000108c47094
0x00007ffee6fb6080:   0000000108c4d6f4 00007fff20519f3d
0x00007ffee6fb6090:   6974636119117f00 7672655365746176
0x00007ffee6fb60a0:   6552687469577265 32767c003a796c70
0x00007ffee6fb60b0:   313f40383a304034 0000000043a00036
0x00007ffee6fb60c0:   00000000e0000000 0000000000000000
0x00007ffee6fb60d0:   0000000000000000 0000000000000000
0x00007ffee6fb60e0:   0000000000000000 0000000000000000
0x00007ffee6fb60f0:   0000000000000000 0000000000000000
0x00007ffee6fb6100:   0000000000000000 0000000000000000
0x00007ffee6fb6110:   0000000000000000 0000000000000000
0x00007ffee6fb6120:   0000000000000000 0000000000000000
0x00007ffee6fb6130:   0000000000000000 0000000000000000
0x00007ffee6fb6140:   0000000000000000 0000000000000000
0x00007ffee6fb6150:   0000000000000000 0000000000000000
0x00007ffee6fb6160:   0000000000000004 00000000000012ab
0x00007ffee6fb6170:   0000000000000004 00007fa68df16b20
0x00007ffee6fb6180:   0000000000000013 0000000000000000
0x00007ffee6fb6190:   00007ffee6fb6230 00007fff2057df3b
0x00007ffee6fb61a0:   0000000000000000 0000000000000000
0x00007ffee6fb61b0:   0000000000000000 0000000000000004 

Instructions: (pc=0x000000010f3c6834)
0x000000010f3c6814:   8b 35 76 9c 03 00 4c 8b 2d 5f 19 03 00 41 ff d5
0x000000010f3c6824:   48 8b 35 15 9c 03 00 48 89 c7 41 ff d5 49 89 c7
0x000000010f3c6834:   48 8b 03 4c 8b a0 e8 01 00 00 48 8b 05 43 b1 03
0x000000010f3c6844:   00 4d 8b 34 06 48 8b 3d 78 ae 03 00 48 8b 35 71 

Register to memory mapping:

RAX=0x00007fa68ad42e70 is an unknown value
RBX=0x0000000000000000 is an unknown value
RCX=0x00007fa68b00c088 is an unknown value
RDX=0x0000000000000000 is an unknown value
RSP=0x00007ffee6fb5fc0 is an unknown value
RBP=0x00007ffee6fb63f0 is an unknown value
RSI=0x00007fa68b00c000 is an unknown value
RDI=0x00007fa68b00c080 is an unknown value
R8 =0x0000000000000000 is an unknown value
R9 =0x00007fff802716e0: _NSAPCache+0 in /System/Library/Frameworks/Foundation.framework/Versions/C/Foundation at 0x00007fff21320000
R10=0x00007fff8026e9b8: OBJC_CLASS_$_NSAutoreleasePool+0 in /System/Library/Frameworks/Foundation.framework/Versions/C/Foundation at 0x00007fff21320000
R11=0x00007fff2133d11e: -[NSAutoreleasePool init]+0 in /System/Library/Frameworks/Foundation.framework/Versions/C/Foundation at 0x00007fff21320000
R12=0x00007fa68c1b8200 is an unknown value
R13=0x00007fff2039c800: objc_msgSend+0 in /usr/lib/libobjc.A.dylib at 0x00007fff20396000
R14=0x00007fa68ad2aaf0 is an unknown value
R15=0x00007fa68ad42e70 is an unknown value


Stack: [0x00007ffee67bb000,0x00007ffee6fbb000],  sp=0x00007ffee6fb5fc0,  free space=8171k
Native frames: (J=compiled Java code, j=interpreted, Vv=VM code, C=native code)
C  [libglass.dylib+0x5834]  -[GlassApplication applicationWillHide:]+0xd4
C  [CoreFoundation+0x7721d]  __CFNOTIFICATIONCENTER_IS_CALLING_OUT_TO_AN_OBSERVER__+0xc
C  [CoreFoundation+0x112c7c]  ___CFXRegistrationPost_block_invoke+0x31
C  [CoreFoundation+0x112bfa]  _CFXRegistrationPost+0x1c6
C  [CoreFoundation+0x4829e]  _CFXNotificationPost+0x2e0
C  [Foundation+0x92c8]  -[NSNotificationCenter postNotificationName:object:userInfo:]+0x3b
C  [AppKit+0x2d744d]  -[NSApplication _doHideMaybeFakingIt:]+0x118
C  [AppKit+0x250973]  _hideShowHandler+0x8b
C  [HIToolbox+0x9dc1]  DispatchEventToHandlers(EventTargetRec*, OpaqueEventRef*, HandlerCallRec*)+0x552
C  [HIToolbox+0x91e3]  SendEventToEventTargetInternal(OpaqueEventRef*, OpaqueEventTargetRef*, HandlerCallRec*)+0x14b
C  [HIToolbox+0x1ea92]  SendEventToEventTarget+0x27
C  [AppKit+0x3eebe]  _DPSNextEvent+0x6ec
C  [AppKit+0x3d305]  -[NSApplication(NSEvent) _nextEventMatchingEventMask:untilDate:inMode:dequeue:]+0x554
C  [AppKit+0x2f679]  -[NSApplication run]+0x24a
C  [libosxapp.dylib+0x27f9]  +[NSApplicationAWT runAWTLoopWithApp:]+0x9d
C  [libawt_lwawt.dylib+0x47669]  -[AWTStarter starter:]+0x37a
C  [Foundation+0x800c1]  __NSThreadPerformPerform+0xcc
C  [CoreFoundation+0x81a8c]  __CFRUNLOOP_IS_CALLING_OUT_TO_A_SOURCE0_PERFORM_FUNCTION__+0x11
C  [CoreFoundation+0x819f4]  __CFRunLoopDoSource0+0xb4
C  [CoreFoundation+0x81774]  __CFRunLoopDoSources0+0xf2
C  [CoreFoundation+0x8019c]  __CFRunLoopRun+0x37d
C  [CoreFoundation+0x7f75c]  CFRunLoopRunSpecific+0x233
C  [java+0x5ba2]  CreateExecutionEnvironment+0x363
C  [java+0x2094]  JLI_Launch+0x804
C  [java+0x86f4]  main+0x6c
C  [libdyld.dylib+0x15f3d]  start+0x1


---------------  P R O C E S S  ---------------

VM state:not at safepoint (normal execution)

VM Mutex/Monitor currently owned by a thread: None

heap address: 0x0000000740000000, size: 2048 MB, Compressed Oops mode: Zero based, Oop shift amount: 3
Narrow klass base: 0x0000000000000000, Narrow klass shift: 3
Compressed class space size: 1073741824 Address: 0x00000007c0000000

Heap:
 PSYoungGen      total 38400K, used 18957K [0x0000000795580000, 0x0000000798000000, 0x00000007c0000000)
  eden space 33280K, 41% used [0x0000000795580000,0x00000007963088f0,0x0000000797600000)
  from space 5120K, 99% used [0x0000000797b00000,0x0000000797ffacc0,0x0000000798000000)
  to   space 5120K, 0% used [0x0000000797600000,0x0000000797600000,0x0000000797b00000)
 ParOldGen       total 87552K, used 17719K [0x0000000740000000, 0x0000000745580000, 0x0000000795580000)
  object space 87552K, 20% used [0x0000000740000000,0x000000074114dff8,0x0000000745580000)
 Metaspace       used 15546K, capacity 16210K, committed 16256K, reserved 1062912K
  class space    used 1967K, capacity 2165K, committed 2176K, reserved 1048576K

Card table byte_map: [0x000000010bdd1000,0x000000010c1d2000] byte_map_base: 0x00000001083d1000

Marking Bits: (ParMarkBitMap*) 0x000000010b7403c8
 Begin Bits: [0x000000011f289000, 0x0000000121289000)
 End Bits:   [0x0000000121289000, 0x0000000123289000)

Polling page: 0x0000000108cb7000

CodeCache: size=245760Kb used=7892Kb max_used=7892Kb free=237867Kb
 bounds [0x0000000110289000, 0x0000000110a49000, 0x000000011f289000]
 total_blobs=3199 nmethods=2538 adapters=574
 compilation: enabled

Compilation events (10 events):
Event: 39.251 Thread 0x00007fa68b038800 2557       3       javafx.animation.Animation::getRate (19 bytes)
Event: 39.251 Thread 0x00007fa68b038800 nmethod 2557 0x0000000110a3db10 code [0x0000000110a3dcc0, 0x0000000110a3e088]
Event: 39.251 Thread 0x00007fa68b038800 2558       3       javafx.animation.Animation::updateTotalDuration (118 bytes)
Event: 39.254 Thread 0x00007fa68b038800 nmethod 2558 0x0000000110a3e1d0 code [0x0000000110a3e560, 0x0000000110a40588]
Event: 39.988 Thread 0x00007fa68b038800 2563       3       java.util.HashSet::<init> (16 bytes)
Event: 39.989 Thread 0x00007fa68b038800 nmethod 2563 0x0000000110a412d0 code [0x0000000110a41460, 0x0000000110a41870]
Event: 39.989 Thread 0x00007fa68b038800 2562       3       java.net.URLConnection::<init> (44 bytes)
Event: 39.990 Thread 0x00007fa68b038800 nmethod 2562 0x0000000110a41a50 code [0x0000000110a41bc0, 0x0000000110a41dd0]
Event: 40.286 Thread 0x00007fa68b038800 2564       3       java.lang.invoke.MethodHandleNatives::refKindHasReceiver (33 bytes)
Event: 40.286 Thread 0x00007fa68b038800 nmethod 2564 0x0000000110a42490 code [0x0000000110a42600, 0x0000000110a427b0]

GC Heap History (4 events):
Event: 1.722 GC heap before
{Heap before GC invocations=1 (full 0):
 PSYoungGen      total 38400K, used 33280K [0x0000000795580000, 0x0000000798000000, 0x00000007c0000000)
  eden space 33280K, 100% used [0x0000000795580000,0x0000000797600000,0x0000000797600000)
  from space 5120K, 0% used [0x0000000797b00000,0x0000000797b00000,0x0000000798000000)
  to   space 5120K, 0% used [0x0000000797600000,0x0000000797600000,0x0000000797b00000)
 ParOldGen       total 87552K, used 0K [0x0000000740000000, 0x0000000745580000, 0x0000000795580000)
  object space 87552K, 0% used [0x0000000740000000,0x0000000740000000,0x0000000745580000)
 Metaspace       used 11188K, capacity 11578K, committed 11648K, reserved 1058816K
  class space    used 1487K, capacity 1635K, committed 1664K, reserved 1048576K
Event: 1.732 GC heap after
Heap after GC invocations=1 (full 0):
 PSYoungGen      total 38400K, used 5114K [0x0000000795580000, 0x0000000798000000, 0x00000007c0000000)
  eden space 33280K, 0% used [0x0000000795580000,0x0000000795580000,0x0000000797600000)
  from space 5120K, 99% used [0x0000000797600000,0x0000000797afebb0,0x0000000797b00000)
  to   space 5120K, 0% used [0x0000000797b00000,0x0000000797b00000,0x0000000798000000)
 ParOldGen       total 87552K, used 3500K [0x0000000740000000, 0x0000000745580000, 0x0000000795580000)
  object space 87552K, 3% used [0x0000000740000000,0x000000074036b1e0,0x0000000745580000)
 Metaspace       used 11188K, capacity 11578K, committed 11648K, reserved 1058816K
  class space    used 1487K, capacity 1635K, committed 1664K, reserved 1048576K
}
Event: 27.953 GC heap before
{Heap before GC invocations=2 (full 0):
 PSYoungGen      total 38400K, used 38297K [0x0000000795580000, 0x0000000798000000, 0x00000007c0000000)
  eden space 33280K, 99% used [0x0000000795580000,0x00000007975e7ad0,0x0000000797600000)
  from space 5120K, 99% used [0x0000000797600000,0x0000000797afebb0,0x0000000797b00000)
  to   space 5120K, 0% used [0x0000000797b00000,0x0000000797b00000,0x0000000798000000)
 ParOldGen       total 87552K, used 3500K [0x0000000740000000, 0x0000000745580000, 0x0000000795580000)
  object space 87552K, 3% used [0x0000000740000000,0x000000074036b1e0,0x0000000745580000)
 Metaspace       used 15295K, capacity 15934K, committed 16000K, reserved 1062912K
  class space    used 1948K, capacity 2121K, committed 2176K, reserved 1048576K
Event: 27.971 GC heap after
Heap after GC invocations=2 (full 0):
 PSYoungGen      total 38400K, used 5099K [0x0000000795580000, 0x0000000798000000, 0x00000007c0000000)
  eden space 33280K, 0% used [0x0000000795580000,0x0000000795580000,0x0000000797600000)
  from space 5120K, 99% used [0x0000000797b00000,0x0000000797ffacc0,0x0000000798000000)
  to   space 5120K, 0% used [0x0000000797600000,0x0000000797600000,0x0000000797b00000)
 ParOldGen       total 87552K, used 17719K [0x0000000740000000, 0x0000000745580000, 0x0000000795580000)
  object space 87552K, 20% used [0x0000000740000000,0x000000074114dff8,0x0000000745580000)
 Metaspace       used 15295K, capacity 15934K, committed 16000K, reserved 1062912K
  class space    used 1948K, capacity 2121K, committed 2176K, reserved 1048576K
}

Deoptimization events (10 events):
Event: 1.873 Thread 0x00007fa68e0a5000 Uncommon trap: reason=class_check action=maybe_recompile pc=0x0000000110399d98 method=java.lang.String.equals(Ljava/lang/Object;)Z @ 8
Event: 1.875 Thread 0x00007fa68e0a5000 Uncommon trap: reason=class_check action=maybe_recompile pc=0x0000000110399d98 method=java.lang.String.equals(Ljava/lang/Object;)Z @ 8
Event: 6.996 Thread 0x00007fa68e0a5000 Uncommon trap: reason=unstable_if action=reinterpret pc=0x00000001105d3de8 method=jdk.internal.org.objectweb.asm.Type.getArgumentsAndReturnSizes(Ljava/lang/String;)I @ 47
Event: 7.131 Thread 0x00007fa68e0a5000 Uncommon trap: reason=unstable_if action=reinterpret pc=0x00000001105200a8 method=com.sun.javafx.image.impl.ByteBgra$ToByteBgraPreConv.doConvert([BII[BIIII)V @ 80
Event: 24.133 Thread 0x00007fa68e0ab800 Uncommon trap: reason=unstable_if action=reinterpret pc=0x00000001109e5858 method=com.sun.prism.impl.ManagedResource.bumpAge(I)V @ 7
Event: 27.999 Thread 0x00007fa68e0a5000 Uncommon trap: reason=unstable_if action=reinterpret pc=0x000000011098ded0 method=java.lang.Math.min(FF)F @ 17
Event: 28.762 Thread 0x00007fa68e0a5000 Uncommon trap: reason=unstable_if action=reinterpret pc=0x00000001109c3c64 method=javafx.scene.layout.Region.impl_pickNodeLocal(Lcom/sun/javafx/geom/PickRay;Lcom/sun/javafx/scene/input/PickResultChooser;)V @ 10
Event: 28.762 Thread 0x00007fa68e0a5000 Uncommon trap: reason=unstable_if action=reinterpret pc=0x00000001109c3a10 method=javafx.scene.layout.Region.impl_pickNodeLocal(Lcom/sun/javafx/geom/PickRay;Lcom/sun/javafx/scene/input/PickResultChooser;)V @ 32
Event: 29.783 Thread 0x00007fa68e0a5000 Uncommon trap: reason=unstable_if action=reinterpret pc=0x0000000110846630 method=java.util.concurrent.locks.ReentrantLock$NonfairSync.lock()V @ 6
Event: 29.783 Thread 0x00007fa68e0a5000 Uncommon trap: reason=unstable_if action=reinterpret pc=0x00000001109d1ce4 method=java.util.concurrent.locks.ReentrantLock$Sync.tryRelease(I)Z @ 28

Classes redefined (0 events):
No events

Internal exceptions (10 events):
Event: 38.383 Thread 0x00007fa68b931800 Exception <a 'java/io/FileNotFoundException'> (0x000000079609dd38) thrown at [/corretto/workspace/corretto8-repo/installers/mac/tar/corretto-build/buildRoot/src/hotspot/src/share/vm/prims/jni.cpp, line 711]
Event: 39.184 Thread 0x00007fa68b931800 Exception <a 'java/io/FileNotFoundException'> (0x00000007960a5cc8) thrown at [/corretto/workspace/corretto8-repo/installers/mac/tar/corretto-build/buildRoot/src/hotspot/src/share/vm/prims/jni.cpp, line 711]
Event: 39.184 Thread 0x00007fa68ba34000 Exception <a 'java/io/FileNotFoundException'> (0x0000000796083328) thrown at [/corretto/workspace/corretto8-repo/installers/mac/tar/corretto-build/buildRoot/src/hotspot/src/share/vm/prims/jni.cpp, line 711]
Event: 39.247 Thread 0x00007fa68e0ac000 Exception <a 'java/io/FileNotFoundException'> (0x00000007960c33e8) thrown at [/corretto/workspace/corretto8-repo/installers/mac/tar/corretto-build/buildRoot/src/hotspot/src/share/vm/prims/jni.cpp, line 711]
Event: 39.409 Thread 0x00007fa68ba34800 Exception <a 'java/io/FileNotFoundException'> (0x0000000795fdeb98) thrown at [/corretto/workspace/corretto8-repo/installers/mac/tar/corretto-build/buildRoot/src/hotspot/src/share/vm/prims/jni.cpp, line 711]
Event: 39.750 Thread 0x00007fa68e0ac000 Exception <a 'java/io/FileNotFoundException'> (0x00000007961de300) thrown at [/corretto/workspace/corretto8-repo/installers/mac/tar/corretto-build/buildRoot/src/hotspot/src/share/vm/prims/jni.cpp, line 711]
Event: 39.912 Thread 0x00007fa68ba34800 Exception <a 'java/io/FileNotFoundException'> (0x00000007962209a8) thrown at [/corretto/workspace/corretto8-repo/installers/mac/tar/corretto-build/buildRoot/src/hotspot/src/share/vm/prims/jni.cpp, line 711]
Event: 39.987 Thread 0x00007fa68ba34000 Exception <a 'java/io/FileNotFoundException'> (0x000000079608b538) thrown at [/corretto/workspace/corretto8-repo/installers/mac/tar/corretto-build/buildRoot/src/hotspot/src/share/vm/prims/jni.cpp, line 711]
Event: 39.987 Thread 0x00007fa68b931800 Exception <a 'java/io/FileNotFoundException'> (0x0000000796243c98) thrown at [/corretto/workspace/corretto8-repo/installers/mac/tar/corretto-build/buildRoot/src/hotspot/src/share/vm/prims/jni.cpp, line 711]
Event: 40.255 Thread 0x00007fa68e0ac000 Exception <a 'java/io/FileNotFoundException'> (0x00000007962073f0) thrown at [/corretto/workspace/corretto8-repo/installers/mac/tar/corretto-build/buildRoot/src/hotspot/src/share/vm/prims/jni.cpp, line 711]

Events (10 events):
Event: 40.288 loading class java/lang/ProcessEnvironment$Variable
Event: 40.288 loading class java/lang/ProcessEnvironment$ExternalData
Event: 40.288 loading class java/lang/ProcessEnvironment$ExternalData done
Event: 40.288 loading class java/lang/ProcessEnvironment$Variable done
Event: 40.288 loading class java/lang/ProcessEnvironment$Value
Event: 40.288 loading class java/lang/ProcessEnvironment$Value done
Event: 40.289 loading class java/lang/ProcessEnvironment$StringEnvironment
Event: 40.289 loading class java/lang/ProcessEnvironment$StringEnvironment done
Event: 40.289 loading class java/util/Collections$UnmodifiableMap
Event: 40.289 loading class java/util/Collections$UnmodifiableMap done


Dynamic libraries:
0x00007fff34fb9000 	/System/Library/Frameworks/Cocoa.framework/Versions/A/Cocoa
0x00007fff22385000 	/System/Library/Frameworks/Security.framework/Versions/A/Security
0x00007fff331dc000 	/System/Library/Frameworks/ApplicationServices.framework/Versions/A/ApplicationServices
0x00007fff2a5e9000 	/usr/lib/libz.1.dylib
0x00007fff2a6b1000 	/usr/lib/libSystem.B.dylib
0x00007fff20576000 	/System/Library/Frameworks/CoreFoundation.framework/Versions/A/CoreFoundation
0x00007fff21320000 	/System/Library/Frameworks/Foundation.framework/Versions/C/Foundation
0x00007fff20396000 	/usr/lib/libobjc.A.dylib
0x00007fff22db3000 	/System/Library/Frameworks/AppKit.framework/Versions/C/AppKit
0x00007fff25c69000 	/System/Library/Frameworks/CoreData.framework/Versions/A/CoreData
0x00007fff23afb000 	/System/Library/PrivateFrameworks/UIFoundation.framework/Versions/A/UIFoundation
0x00007fff2fcbe000 	/System/Library/PrivateFrameworks/RemoteViewServices.framework/Versions/A/RemoteViewServices
0x00007fff28af6000 	/System/Library/PrivateFrameworks/XCTTargetBootstrap.framework/Versions/A/XCTTargetBootstrap
0x00007fff2b7d1000 	/usr/lib/libspindump.dylib
0x00007fff23d4a000 	/System/Library/Frameworks/UniformTypeIdentifiers.framework/Versions/A/UniformTypeIdentifiers
0x00007fff272fa000 	/usr/lib/libapp_launch_measurement.dylib
0x00007fff272fd000 	/System/Library/PrivateFrameworks/CoreAutoLayout.framework/Versions/A/CoreAutoLayout
0x00007fff2845d000 	/System/Library/Frameworks/Metal.framework/Versions/A/Metal
0x00007fff29152000 	/usr/lib/liblangid.dylib
0x00007fff28afa000 	/System/Library/PrivateFrameworks/CoreSVG.framework/Versions/A/CoreSVG
0x00007fff24d82000 	/System/Library/PrivateFrameworks/SkyLight.framework/Versions/A/SkyLight
0x00007fff250e6000 	/System/Library/Frameworks/CoreGraphics.framework/Versions/A/CoreGraphics
0x00007fff301e0000 	/System/Library/Frameworks/Accelerate.framework/Versions/A/Accelerate
0x00007fff2b210000 	/System/Library/PrivateFrameworks/IconServices.framework/Versions/A/IconServices
0x00007fff28441000 	/System/Library/Frameworks/IOSurface.framework/Versions/A/IOSurface
0x00007fff265ea000 	/usr/lib/libDiagnosticMessagesClient.dylib
0x00007fff28ae2000 	/System/Library/PrivateFrameworks/DFRFoundation.framework/Versions/A/DFRFoundation
0x00007fff226da000 	/usr/lib/libicucore.A.dylib
0x00007fff2cd10000 	/System/Library/Frameworks/AudioToolbox.framework/Versions/A/AudioToolbox
0x00007fff2bfa2000 	/System/Library/PrivateFrameworks/DataDetectorsCore.framework/Versions/A/DataDetectorsCore
0x00007fff24cf6000 	/usr/lib/libMobileGestalt.dylib
0x00007fff287e6000 	/System/Library/Frameworks/Carbon.framework/Versions/A/Frameworks/HIToolbox.framework/Versions/A/HIToolbox
0x00007fff26d44000 	/System/Library/Frameworks/QuartzCore.framework/Versions/A/QuartzCore
0x00007fff2fcf6000 	/System/Library/Frameworks/Carbon.framework/Versions/A/Frameworks/SpeechRecognition.framework/Versions/A/SpeechRecognition
0x00007fff27063000 	/System/Library/PrivateFrameworks/CoreUI.framework/Versions/A/CoreUI
0x00007fff21cf4000 	/System/Library/Frameworks/CoreAudio.framework/Versions/A/CoreAudio
0x00007fff266d5000 	/System/Library/Frameworks/DiskArbitration.framework/Versions/A/DiskArbitration
0x00007fff2bb9f000 	/System/Library/PrivateFrameworks/MultitouchSupport.framework/Versions/A/MultitouchSupport
0x00007fff2bf99000 	/System/Library/PrivateFrameworks/InternationalSupport.framework/Versions/A/InternationalSupport
0x00007fff24cf5000 	/usr/lib/libenergytrace.dylib
0x00007fff22caa000 	/System/Library/Frameworks/IOKit.framework/Versions/A/IOKit
0x00007fff30029000 	/System/Library/Frameworks/CoreServices.framework/Versions/A/CoreServices
0x00007fff27290000 	/System/Library/PrivateFrameworks/PerformanceAnalysis.framework/Versions/A/PerformanceAnalysis
0x00007fff6ba64000 	/System/Library/Frameworks/OpenGL.framework/Versions/A/OpenGL
0x00007fff2c01d000 	/System/Library/PrivateFrameworks/UserActivity.framework/Versions/A/UserActivity
0x00007fff25770000 	/System/Library/Frameworks/ColorSync.framework/Versions/A/ColorSync
0x00007fff28d60000 	/System/Library/Frameworks/CoreImage.framework/Versions/A/CoreImage
0x00007fff21b0f000 	/System/Library/Frameworks/CoreText.framework/Versions/A/CoreText
0x00007fff28b24000 	/System/Library/Frameworks/ImageIO.framework/Versions/A/ImageIO
0x00007fff2a6b7000 	/System/Library/PrivateFrameworks/SoftLinking.framework/Versions/A/SoftLinking
0x00007fff27345000 	/usr/lib/libxml2.2.dylib
0x00007fff2045c000 	/usr/lib/libc++.1.dylib
0x00007fff2a928000 	/usr/lib/libcompression.dylib
0x00007fff2becb000 	/System/Library/PrivateFrameworks/TextureIO.framework/Versions/A/TextureIO
0x00007fff2af4f000 	/usr/lib/libate.dylib
0x00007fff2a6ab000 	/usr/lib/system/libcache.dylib
0x00007fff2a667000 	/usr/lib/system/libcommonCrypto.dylib
0x00007fff2a691000 	/usr/lib/system/libcompiler_rt.dylib
0x00007fff2a686000 	/usr/lib/system/libcopyfile.dylib
0x00007fff20286000 	/usr/lib/system/libcorecrypto.dylib
0x00007fff20351000 	/usr/lib/system/libdispatch.dylib
0x00007fff20504000 	/usr/lib/system/libdyld.dylib
0x00007fff2a6a2000 	/usr/lib/system/libkeymgr.dylib
0x00007fff2daa7000 	/usr/lib/system/liblaunch.dylib
0x00007fff2a645000 	/usr/lib/system/libmacho.dylib
0x00007fff29e3d000 	/usr/lib/system/libquarantine.dylib
0x00007fff2a69f000 	/usr/lib/system/libremovefile.dylib
0x00007fff24d53000 	/usr/lib/system/libsystem_asl.dylib
0x00007fff20236000 	/usr/lib/system/libsystem_blocks.dylib
0x00007fff203d3000 	/usr/lib/system/libsystem_c.dylib
0x00007fff2a699000 	/usr/lib/system/libsystem_collections.dylib
0x00007fff29143000 	/usr/lib/system/libsystem_configuration.dylib
0x00007fff28430000 	/usr/lib/system/libsystem_containermanager.dylib
0x00007fff2a3e8000 	/usr/lib/system/libsystem_coreservices.dylib
0x00007fff2293a000 	/usr/lib/system/libsystem_darwin.dylib
0x00007fff2a6a3000 	/usr/lib/system/libsystem_dnssd.dylib
0x00007fff203d0000 	/usr/lib/system/libsystem_featureflags.dylib
0x00007fff2054a000 	/usr/lib/system/libsystem_info.dylib
0x00007fff2a5fc000 	/usr/lib/system/libsystem_m.dylib
0x00007fff20324000 	/usr/lib/system/libsystem_malloc.dylib
0x00007fff24ce6000 	/usr/lib/system/libsystem_networkextension.dylib
0x00007fff22d59000 	/usr/lib/system/libsystem_notify.dylib
0x00007fff2ff2b000 	/usr/lib/system/libsystem_product_info_filter.dylib
0x00007fff29147000 	/usr/lib/system/libsystem_sandbox.dylib
0x00007fff2a69c000 	/usr/lib/system/libsystem_secinit.dylib
0x00007fff204c8000 	/usr/lib/system/libsystem_kernel.dylib
0x00007fff20540000 	/usr/lib/system/libsystem_platform.dylib
0x00007fff204f8000 	/usr/lib/system/libsystem_pthread.dylib
0x00007fff2642d000 	/usr/lib/system/libsystem_symptoms.dylib
0x00007fff2026e000 	/usr/lib/system/libsystem_trace.dylib
0x00007fff2a673000 	/usr/lib/system/libunwind.dylib
0x00007fff20238000 	/usr/lib/system/libxpc.dylib
0x00007fff204b2000 	/usr/lib/libc++abi.dylib
0x00007fff2a67e000 	/usr/lib/liboah.dylib
0x00007fff2ad35000 	/usr/lib/liblzma.5.dylib
0x00007fff21034000 	/System/Library/Frameworks/SystemConfiguration.framework/Versions/A/SystemConfiguration
0x00007fff2a6b3000 	/usr/lib/libfakelink.dylib
0x00007fff24847000 	/System/Library/Frameworks/CFNetwork.framework/Versions/A/CFNetwork
0x00007fff2a7f3000 	/usr/lib/libarchive.2.dylib
0x00007fff210b2000 	/usr/lib/libCRFSuite.dylib
0x00007fff29e64000 	/usr/lib/libbsm.0.dylib
0x00007fff241c7000 	/usr/lib/libnetwork.dylib
0x00007fff2a6b8000 	/usr/lib/libpcap.A.dylib
0x00007fff26426000 	/usr/lib/libdns_services.dylib
0x00007fff2ad4e000 	/usr/lib/libcoretls_cfhelpers.dylib
0x00007fff2a8f2000 	/usr/lib/libapple_nghttp2.dylib
0x00007fff2a64b000 	/usr/lib/system/libkxld.dylib
0x00007fff2609f000 	/usr/lib/libsqlite3.dylib
0x00007fff2a3cb000 	/System/Library/PrivateFrameworks/AppleFSCompression.framework/Versions/A/AppleFSCompression
0x00007fff29e4c000 	/usr/lib/libcoretls.dylib
0x00007fff2a923000 	/usr/lib/libpam.2.dylib
0x00007fff2ae4b000 	/usr/lib/libxar.1.dylib
0x00007fff2914e000 	/System/Library/PrivateFrameworks/AppleSystemInfo.framework/Versions/A/AppleSystemInfo
0x00007fff29a8e000 	/System/Library/PrivateFrameworks/IOMobileFramebuffer.framework/Versions/A/IOMobileFramebuffer
0x00007fff2a3db000 	/usr/lib/libbz2.1.0.dylib
0x00007fff2a6f0000 	/usr/lib/libiconv.2.dylib
0x00007fff2a644000 	/usr/lib/libcharset.1.dylib
0x00007fff272cc000 	/System/Library/Frameworks/CoreServices.framework/Versions/A/Frameworks/FSEvents.framework/Versions/A/FSEvents
0x00007fff22944000 	/System/Library/Frameworks/CoreServices.framework/Versions/A/Frameworks/CarbonCore.framework/Versions/A/CarbonCore
0x00007fff2663a000 	/System/Library/Frameworks/CoreServices.framework/Versions/A/Frameworks/Metadata.framework/Versions/A/Metadata
0x00007fff2a3ed000 	/System/Library/Frameworks/CoreServices.framework/Versions/A/Frameworks/OSServices.framework/Versions/A/OSServices
0x00007fff2a865000 	/System/Library/Frameworks/CoreServices.framework/Versions/A/Frameworks/SearchKit.framework/Versions/A/SearchKit
0x00007fff263b1000 	/System/Library/Frameworks/CoreServices.framework/Versions/A/Frameworks/AE.framework/Versions/A/AE
0x00007fff20a14000 	/System/Library/Frameworks/CoreServices.framework/Versions/A/Frameworks/LaunchServices.framework/Versions/A/LaunchServices
0x00007fff2ace5000 	/System/Library/Frameworks/CoreServices.framework/Versions/A/Frameworks/DictionaryServices.framework/Versions/A/DictionaryServices
0x00007fff272d5000 	/System/Library/Frameworks/CoreServices.framework/Versions/A/Frameworks/SharedFileList.framework/Versions/A/SharedFileList
0x00007fff29e40000 	/usr/lib/libCheckFix.dylib
0x00007fff24d6a000 	/System/Library/PrivateFrameworks/TCC.framework/Versions/A/TCC
0x00007fff29154000 	/System/Library/PrivateFrameworks/CoreNLP.framework/Versions/A/CoreNLP
0x00007fff265ed000 	/System/Library/PrivateFrameworks/MetadataUtilities.framework/Versions/A/MetadataUtilities
0x00007fff210e7000 	/usr/lib/libmecabra.dylib
0x00007fff2a14a000 	/System/Library/Frameworks/MLCompute.framework/Versions/A/MLCompute
0x00007fff29e75000 	/usr/lib/libmecab.dylib
0x00007fff29ebf000 	/usr/lib/libgermantok.dylib
0x00007fff2a8cd000 	/usr/lib/libThaiTokenizer.dylib
0x00007fff2ae86000 	/usr/lib/libChineseTokenizer.dylib
0x00007fff2a921000 	/System/Library/Frameworks/MetalPerformanceShaders.framework/Versions/A/MetalPerformanceShaders
0x00007fff266dc000 	/System/Library/Frameworks/Accelerate.framework/Versions/A/Frameworks/vImage.framework/Versions/A/vImage
0x00007fff30003000 	/System/Library/Frameworks/Accelerate.framework/Versions/A/Frameworks/vecLib.framework/Versions/A/vecLib
0x00007fff2ae91000 	/System/Library/Frameworks/Accelerate.framework/Versions/A/Frameworks/vecLib.framework/Versions/A/libvMisc.dylib
0x00007fff298a9000 	/System/Library/Frameworks/Accelerate.framework/Versions/A/Frameworks/vecLib.framework/Versions/A/libvDSP.dylib
0x00007fff20d1b000 	/System/Library/Frameworks/Accelerate.framework/Versions/A/Frameworks/vecLib.framework/Versions/A/libBLAS.dylib
0x00007fff2a947000 	/System/Library/Frameworks/Accelerate.framework/Versions/A/Frameworks/vecLib.framework/Versions/A/libLAPACK.dylib
0x00007fff29ec5000 	/System/Library/Frameworks/Accelerate.framework/Versions/A/Frameworks/vecLib.framework/Versions/A/libLinearAlgebra.dylib
0x00007fff2a90a000 	/System/Library/Frameworks/Accelerate.framework/Versions/A/Frameworks/vecLib.framework/Versions/A/libSparseBLAS.dylib
0x00007fff2a941000 	/System/Library/Frameworks/Accelerate.framework/Versions/A/Frameworks/vecLib.framework/Versions/A/libQuadrature.dylib
0x00007fff29200000 	/System/Library/Frameworks/Accelerate.framework/Versions/A/Frameworks/vecLib.framework/Versions/A/libBNNS.dylib
0x00007fff20fc5000 	/System/Library/Frameworks/Accelerate.framework/Versions/A/Frameworks/vecLib.framework/Versions/A/libSparse.dylib
0x00007fff290dc000 	/System/Library/Frameworks/MetalPerformanceShaders.framework/Versions/A/Frameworks/MPSCore.framework/Versions/A/MPSCore
0x00007fff2a33a000 	/System/Library/Frameworks/MetalPerformanceShaders.framework/Versions/A/Frameworks/MPSImage.framework/Versions/A/MPSImage
0x00007fff29edb000 	/System/Library/Frameworks/MetalPerformanceShaders.framework/Versions/A/Frameworks/MPSNeuralNetwork.framework/Versions/A/MPSNeuralNetwork
0x00007fff2a2ac000 	/System/Library/Frameworks/MetalPerformanceShaders.framework/Versions/A/Frameworks/MPSMatrix.framework/Versions/A/MPSMatrix
0x00007fff2a0fa000 	/System/Library/Frameworks/MetalPerformanceShaders.framework/Versions/A/Frameworks/MPSRayIntersector.framework/Versions/A/MPSRayIntersector
0x00007fff2a2e3000 	/System/Library/Frameworks/MetalPerformanceShaders.framework/Versions/A/Frameworks/MPSNDArray.framework/Versions/A/MPSNDArray
0x00007fff20c47000 	/System/Library/PrivateFrameworks/MetalTools.framework/Versions/A/MetalTools
0x00007fff2914c000 	/System/Library/PrivateFrameworks/AggregateDictionary.framework/Versions/A/AggregateDictionary
0x00007fff265ba000 	/System/Library/PrivateFrameworks/CoreAnalytics.framework/Versions/A/CoreAnalytics
0x00007fff2a8cf000 	/System/Library/PrivateFrameworks/AppleSauce.framework/Versions/A/AppleSauce
0x00007fff28453000 	/System/Library/PrivateFrameworks/IOAccelerator.framework/Versions/A/IOAccelerator
0x00007fff6ba58000 	/System/Library/Frameworks/OpenGL.framework/Versions/A/Libraries/libCoreFSCache.dylib
0x00007fff2167e000 	/System/Library/PrivateFrameworks/LanguageModeling.framework/Versions/A/LanguageModeling
0x00007fff29a7c000 	/System/Library/PrivateFrameworks/CoreEmoji.framework/Versions/A/CoreEmoji
0x00007fff291f9000 	/System/Library/PrivateFrameworks/LinguisticData.framework/Versions/A/LinguisticData
0x00007fff20f78000 	/System/Library/PrivateFrameworks/Lexicon.framework/Versions/A/Lexicon
0x00007fff2a7e1000 	/usr/lib/libcmph.dylib
0x00007fff272ac000 	/System/Library/Frameworks/OpenDirectory.framework/Versions/A/Frameworks/CFOpenDirectory.framework/Versions/A/CFOpenDirectory
0x00007fff2729c000 	/System/Library/Frameworks/OpenDirectory.framework/Versions/A/OpenDirectory
0x00007fff2ad50000 	/System/Library/PrivateFrameworks/APFS.framework/Versions/A/APFS
0x00007fff29da2000 	/System/Library/Frameworks/SecurityFoundation.framework/Versions/A/SecurityFoundation
0x00007fff2ae59000 	/usr/lib/libutil.dylib
0x00007fff22c6f000 	/System/Library/PrivateFrameworks/CoreServicesStore.framework/Versions/A/CoreServicesStore
0x00007fff29e38000 	/System/Library/Frameworks/ServiceManagement.framework/Versions/A/ServiceManagement
0x00007fff2ae5d000 	/usr/lib/libxslt.1.dylib
0x00007fff29e2e000 	/System/Library/PrivateFrameworks/BackgroundTaskManagement.framework/Versions/A/BackgroundTaskManagement
0x00007fff2be15000 	/System/Library/Frameworks/ImageIO.framework/Versions/A/Resources/libRadiance.dylib
0x00007fff2be1f000 	/System/Library/Frameworks/ImageIO.framework/Versions/A/Resources/libJPEG.dylib
0x00007fff2bd69000 	/System/Library/Frameworks/ImageIO.framework/Versions/A/Resources/libPng.dylib
0x00007fff2bd90000 	/System/Library/Frameworks/ImageIO.framework/Versions/A/Resources/libTIFF.dylib
0x00007fff2be74000 	/System/Library/Frameworks/ImageIO.framework/Versions/A/Resources/libGIF.dylib
0x00007fff2babb000 	/System/Library/Frameworks/ImageIO.framework/Versions/A/Resources/libJP2.dylib
0x00007fff2b1d8000 	/usr/lib/libexpat.1.dylib
0x00007fff2ba71000 	/System/Library/PrivateFrameworks/AppleJPEG.framework/Versions/A/AppleJPEG
0x00007fff28689000 	/System/Library/PrivateFrameworks/FontServices.framework/libFontParser.dylib
0x00007fff26368000 	/System/Library/PrivateFrameworks/RunningBoardServices.framework/Versions/A/RunningBoardServices
0x00007fff2bb9b000 	/System/Library/PrivateFrameworks/WatchdogClient.framework/Versions/A/WatchdogClient
0x00007fff21767000 	/System/Library/Frameworks/CoreDisplay.framework/Versions/A/CoreDisplay
0x00007fff2859e000 	/System/Library/Frameworks/CoreMedia.framework/Versions/A/CoreMedia
0x00007fff27428000 	/System/Library/Frameworks/CoreVideo.framework/Versions/A/CoreVideo
0x00007fff2bbd6000 	/System/Library/Frameworks/VideoToolbox.framework/Versions/A/VideoToolbox
0x00007fff262e8000 	/System/Library/PrivateFrameworks/BaseBoard.framework/Versions/A/BaseBoard
0x00007fff2b31b000 	/System/Library/PrivateFrameworks/PersistentConnection.framework/Versions/A/PersistentConnection
0x00007fff26089000 	/System/Library/PrivateFrameworks/ProtocolBuffer.framework/Versions/A/ProtocolBuffer
0x00007fff262d0000 	/System/Library/PrivateFrameworks/CommonUtilities.framework/Versions/A/CommonUtilities
0x00007fff2ba34000 	/System/Library/PrivateFrameworks/Bom.framework/Versions/A/Bom
0x00007fff2be0d000 	/System/Library/PrivateFrameworks/GPUWrangler.framework/Versions/A/GPUWrangler
0x00007fff2bdf0000 	/System/Library/PrivateFrameworks/IOPresentment.framework/Versions/A/IOPresentment
0x00007fff2be19000 	/System/Library/PrivateFrameworks/DSExternalDisplay.framework/Versions/A/DSExternalDisplay
0x00007fff2be79000 	/System/Library/PrivateFrameworks/CMCaptureCore.framework/Versions/A/CMCaptureCore
0x00007fff2b7b7000 	/System/Library/PrivateFrameworks/AppServerSupport.framework/Versions/A/AppServerSupport
0x00007fff2d84a000 	/System/Library/PrivateFrameworks/perfdata.framework/Versions/A/perfdata
0x00007fff29d91000 	/System/Library/PrivateFrameworks/AssertionServices.framework/Versions/A/AssertionServices
0x00007fff2189e000 	/System/Library/PrivateFrameworks/AudioToolboxCore.framework/Versions/A/AudioToolboxCore
0x00007fff28581000 	/System/Library/PrivateFrameworks/caulk.framework/Versions/A/caulk
0x00007fff3cc3f000 	/System/Library/PrivateFrameworks/SystemPolicy.framework/Versions/A/SystemPolicy
0x00007fff2afe7000 	/usr/lib/libIOReport.dylib
0x00007fff2d086000 	/usr/lib/libSMC.dylib
0x00007fff2bd35000 	/usr/lib/libAudioToolboxUtility.dylib
0x00007fff3d59a000 	/usr/lib/libmis.dylib
0x00007fff6bab4000 	/System/Library/Frameworks/OpenGL.framework/Versions/A/Libraries/libGLU.dylib
0x00007fff6ba77000 	/System/Library/Frameworks/OpenGL.framework/Versions/A/Libraries/libGFXShared.dylib
0x00007fff6bc85000 	/System/Library/Frameworks/OpenGL.framework/Versions/A/Libraries/libGL.dylib
0x00007fff6ba80000 	/System/Library/Frameworks/OpenGL.framework/Versions/A/Libraries/libGLImage.dylib
0x00007fff6ba74000 	/System/Library/Frameworks/OpenGL.framework/Versions/A/Libraries/libCVMSPluginSupport.dylib
0x00007fff6ba5f000 	/System/Library/Frameworks/OpenGL.framework/Versions/A/Libraries/libCoreVMClient.dylib
0x00007fff6d0cf000 	/System/Library/Frameworks/OpenCL.framework/Versions/A/OpenCL
0x00007fff2b344000 	/System/Library/PrivateFrameworks/GraphVisualizer.framework/Versions/A/GraphVisualizer
0x00007fff2b353000 	/System/Library/PrivateFrameworks/FaceCore.framework/Versions/A/FaceCore
0x00007fff2b76f000 	/System/Library/PrivateFrameworks/OTSVG.framework/Versions/A/OTSVG
0x00007fff27021000 	/System/Library/Frameworks/ApplicationServices.framework/Versions/A/Frameworks/ATS.framework/Versions/A/Resources/libFontRegistry.dylib
0x00007fff2b7be000 	/System/Library/PrivateFrameworks/FontServices.framework/libhvf.dylib
0x00007fff2b184000 	/System/Library/PrivateFrameworks/AppleVA.framework/Versions/A/AppleVA
0x00007fff2cece000 	/System/Library/Frameworks/ApplicationServices.framework/Versions/A/Frameworks/ATS.framework/Versions/A/ATS
0x00007fff2d1e1000 	/System/Library/Frameworks/ApplicationServices.framework/Versions/A/Frameworks/ColorSyncLegacy.framework/Versions/A/ColorSyncLegacy
0x00007fff25867000 	/System/Library/Frameworks/ApplicationServices.framework/Versions/A/Frameworks/HIServices.framework/Versions/A/HIServices
0x00007fff2d1c6000 	/System/Library/Frameworks/ApplicationServices.framework/Versions/A/Frameworks/LangAnalysis.framework/Versions/A/LangAnalysis
0x00007fff2be83000 	/System/Library/Frameworks/ApplicationServices.framework/Versions/A/Frameworks/PrintCore.framework/Versions/A/PrintCore
0x00007fff2d1e9000 	/System/Library/Frameworks/ApplicationServices.framework/Versions/A/Frameworks/QD.framework/Versions/A/QD
0x00007fff2cebe000 	/System/Library/Frameworks/ApplicationServices.framework/Versions/A/Frameworks/SpeechSynthesis.framework/Versions/A/SpeechSynthesis
0x00007fff2be44000 	/System/Library/Frameworks/ApplicationServices.framework/Versions/A/Frameworks/ATSUI.framework/Versions/A/ATSUI
0x00007fff2d166000 	/usr/lib/libcups.2.dylib
0x00007fff2d1d6000 	/System/Library/PrivateFrameworks/NetAuth.framework/Versions/A/NetAuth
0x00007fff2d865000 	/System/Library/Frameworks/Kerberos.framework/Versions/A/Kerberos
0x00007fff2d875000 	/System/Library/Frameworks/GSS.framework/Versions/A/GSS
0x00007fff2cf3b000 	/usr/lib/libresolv.9.dylib
0x00007fff2b7d4000 	/System/Library/PrivateFrameworks/Heimdal.framework/Versions/A/Heimdal
0x00007fff334f1000 	/System/Library/Frameworks/Kerberos.framework/Versions/A/Libraries/libHeimdalProxy.dylib
0x00007fff26435000 	/System/Library/Frameworks/Network.framework/Versions/A/Network
0x00007fff2b1f1000 	/usr/lib/libheimdal-asn1.dylib
0x00007fff2d8c6000 	/System/Library/PrivateFrameworks/CommonAuth.framework/Versions/A/CommonAuth
0x00007fff27476000 	/System/Library/PrivateFrameworks/login.framework/Versions/A/Frameworks/loginsupport.framework/Versions/A/loginsupport
0x00007fff2ce45000 	/System/Library/PrivateFrameworks/AudioSession.framework/Versions/A/AudioSession
0x00007fff2ceab000 	/usr/lib/libAudioStatistics.dylib
0x00007fff2b27d000 	/System/Library/PrivateFrameworks/MediaExperience.framework/Versions/A/MediaExperience
0x00007fff2ccde000 	/System/Library/PrivateFrameworks/AudioSession.framework/libSessionUtility.dylib
0x00007fff2d856000 	/usr/lib/libperfcheck.dylib
0x00007fff2d1f5000 	/System/Library/PrivateFrameworks/AudioResourceArbitration.framework/Versions/A/AudioResourceArbitration
0x00007fff2b1fb000 	/System/Library/PrivateFrameworks/IconFoundation.framework/Versions/A/IconFoundation
0x00007fff2fce6000 	/System/Library/PrivateFrameworks/SpeechRecognitionCore.framework/Versions/A/SpeechRecognitionCore
0x000000010b000000 	/Users/arturshabalin/Library/Java/JavaVirtualMachines/corretto-1.8.0_292/Contents/Home/jre/lib/server/libjvm.dylib
0x0000000108c6f000 	/Users/arturshabalin/Library/Java/JavaVirtualMachines/corretto-1.8.0_292/Contents/Home/jre/lib/libverify.dylib
0x0000000108c81000 	/Users/arturshabalin/Library/Java/JavaVirtualMachines/corretto-1.8.0_292/Contents/Home/jre/lib/libjava.dylib
0x0000000108cb8000 	/Users/arturshabalin/Library/Java/JavaVirtualMachines/corretto-1.8.0_292/Contents/Home/jre/lib/libinstrument.dylib
0x0000000108d1e000 	/Users/arturshabalin/Library/Java/JavaVirtualMachines/corretto-1.8.0_292/Contents/Home/jre/lib/libzip.dylib
0x000000010eeed000 	/Users/arturshabalin/Library/Java/JavaVirtualMachines/corretto-1.8.0_292/Contents/Home/jre/lib/libnio.dylib
0x000000010ef00000 	/Users/arturshabalin/Library/Java/JavaVirtualMachines/corretto-1.8.0_292/Contents/Home/jre/lib/libnet.dylib
0x000000010ef21000 	/Users/arturshabalin/Library/Java/JavaVirtualMachines/corretto-1.8.0_292/Contents/Home/jre/lib/libprism_es2.dylib
0x00007fff22c30000 	/System/Library/PrivateFrameworks/CoreServicesInternal.framework/Versions/A/CoreServicesInternal
0x00007fff6bc90000 	/System/Library/Frameworks/OpenGL.framework/Versions/A/Resources/GLEngine.bundle/GLEngine
0x00007fff6baf1000 	/System/Library/Frameworks/OpenGL.framework/Versions/A/Libraries/libGLProgrammability.dylib
0x00007fff5ee76000 	/System/Library/Extensions/AppleIntelKBLGraphicsGLDriver.bundle/Contents/MacOS/AppleIntelKBLGraphicsGLDriver
0x00007fff46351000 	/System/Library/PrivateFrameworks/GPUSupport.framework/Versions/A/Libraries/libGPUSupportMercury.dylib
0x00007fff6be0e000 	/System/Library/Frameworks/OpenGL.framework/Versions/A/Resources/GLRendererFloat.bundle/GLRendererFloat
0x000000010f3c1000 	/Users/arturshabalin/Library/Java/JavaVirtualMachines/corretto-1.8.0_292/Contents/Home/jre/lib/libglass.dylib
0x00007fff31067000 	/System/Library/Frameworks/FileProvider.framework/Versions/A/FileProvider
0x00007fff26253000 	/System/Library/Frameworks/Accounts.framework/Versions/A/Accounts
0x00007fff311b6000 	/System/Library/PrivateFrameworks/GenerationalStorage.framework/Versions/A/GenerationalStorage
0x00007fff31b4a000 	/System/Library/PrivateFrameworks/CoreSymbolication.framework/Versions/A/CoreSymbolication
0x00007fff30a87000 	/System/Library/PrivateFrameworks/SymptomDiagnosticReporter.framework/Versions/A/SymptomDiagnosticReporter
0x00007fff23d5d000 	/System/Library/PrivateFrameworks/DesktopServicesPriv.framework/Versions/A/DesktopServicesPriv
0x00007fff22d65000 	/usr/lib/libsandbox.1.dylib
0x00007fff274a1000 	/System/Library/PrivateFrameworks/UserManagement.framework/Versions/A/UserManagement
0x00007fff29d6e000 	/System/Library/PrivateFrameworks/MobileKeyBag.framework/Versions/A/MobileKeyBag
0x00007fff3456b000 	/System/Library/PrivateFrameworks/ChunkingLibrary.framework/Versions/A/ChunkingLibrary
0x00007fff31b0e000 	/System/Library/PrivateFrameworks/DebugSymbols.framework/Versions/A/DebugSymbols
0x00007fff2e288000 	/System/Library/PrivateFrameworks/Sharing.framework/Versions/A/Sharing
0x00007fff32af4000 	/System/Library/PrivateFrameworks/Apple80211.framework/Versions/A/Apple80211
0x00007fff2a41b000 	/System/Library/PrivateFrameworks/AuthKit.framework/Versions/A/AuthKit
0x00007fff29b6c000 	/System/Library/PrivateFrameworks/CoreUtils.framework/Versions/A/CoreUtils
0x00007fff29a99000 	/System/Library/Frameworks/CoreWLAN.framework/Versions/A/CoreWLAN
0x00007fff2e3d4000 	/System/Library/Frameworks/IOBluetooth.framework/Versions/A/IOBluetooth
0x00007fff32b58000 	/System/Library/PrivateFrameworks/CoreWiFi.framework/Versions/A/CoreWiFi
0x00007fff2d94c000 	/System/Library/PrivateFrameworks/CorePhoneNumbers.framework/Versions/A/CorePhoneNumbers
0x00007fff30b8e000 	/System/Library/PrivateFrameworks/DiskManagement.framework/Versions/A/DiskManagement
0x00007fff30aa4000 	/System/Library/PrivateFrameworks/AppleIDAuthSupport.framework/Versions/A/AppleIDAuthSupport
0x00007fff2d92c000 	/System/Library/PrivateFrameworks/KeychainCircle.framework/Versions/A/KeychainCircle
0x00007fff30b5a000 	/System/Library/PrivateFrameworks/MediaKit.framework/Versions/A/MediaKit
0x00007fff30ab1000 	/System/Library/Frameworks/DiscRecording.framework/Versions/A/DiscRecording
0x00007fff2b0f8000 	/usr/lib/libCoreStorage.dylib
0x00007fff32f93000 	/usr/lib/libcsfde.dylib
0x00007fff2e50f000 	/System/Library/PrivateFrameworks/ProtectedCloudStorage.framework/Versions/A/ProtectedCloudStorage
0x00007fff32f8b000 	/System/Library/PrivateFrameworks/EFILogin.framework/Versions/A/EFILogin
0x00007fff335a4000 	/System/Library/Frameworks/AudioUnit.framework/Versions/A/AudioUnit
0x00007fff30a22000 	/System/Library/Frameworks/CoreBluetooth.framework/Versions/A/CoreBluetooth
0x00007fff2b0f0000 	/usr/lib/libMatch.1.dylib
0x000000010ffa3000 	/usr/lib/libobjc-trampolines.dylib
0x00007fff41244000 	/System/Library/Frameworks/Accelerate.framework/Versions/A/Frameworks/vImage.framework/Versions/A/Libraries/libCGInterfaces.dylib
0x00007fff271a4000 	/System/Library/PrivateFrameworks/ViewBridge.framework/Versions/A/ViewBridge
0x00007fff2afef000 	/System/Library/PrivateFrameworks/CrashReporterSupport.framework/Versions/A/CrashReporterSupport
0x00007fff47988000 	/System/Library/PrivateFrameworks/OSAnalytics.framework/Versions/A/OSAnalytics
0x00007fff77879000 	/usr/lib/libRosetta.dylib
0x00007fff32f1a000 	/System/Library/PrivateFrameworks/RemoteServiceDiscovery.framework/Versions/A/RemoteServiceDiscovery
0x00007fff51600000 	/System/Library/PrivateFrameworks/Symbolication.framework/Versions/A/Symbolication
0x00007fff3d57a000 	/System/Library/PrivateFrameworks/MallocStackLogging.framework/Versions/A/MallocStackLogging
0x00000001277d1000 	/Users/arturshabalin/Library/Java/JavaVirtualMachines/corretto-1.8.0_292/Contents/Home/jre/lib/libjavafx_font.dylib
0x00007fff2b895000 	/System/Library/PrivateFrameworks/login.framework/Versions/A/login
0x0000000128e17000 	/Users/arturshabalin/Library/Java/JavaVirtualMachines/corretto-1.8.0_292/Contents/Home/jre/lib/libprism_common.dylib
0x00000001281c0000 	/Users/arturshabalin/Library/Java/JavaVirtualMachines/corretto-1.8.0_292/Contents/Home/jre/lib/libawt.dylib
0x0000000128262000 	/Users/arturshabalin/Library/Java/JavaVirtualMachines/corretto-1.8.0_292/Contents/Home/jre/lib/libmlib_image.dylib
0x00007fff6ea00000 	/System/Library/Frameworks/JavaNativeFoundation.framework/Versions/A/JavaNativeFoundation
0x00007fff6ea0c000 	/System/Library/Frameworks/JavaRuntimeSupport.framework/Versions/A/JavaRuntimeSupport
0x00007fff3c989000 	/System/Library/Frameworks/Carbon.framework/Versions/A/Carbon
0x00007fff36439000 	/System/Library/Frameworks/Carbon.framework/Versions/A/Frameworks/CommonPanels.framework/Versions/A/CommonPanels
0x00007fff32f87000 	/System/Library/Frameworks/Carbon.framework/Versions/A/Frameworks/Help.framework/Versions/A/Help
0x00007fff3643d000 	/System/Library/Frameworks/Carbon.framework/Versions/A/Frameworks/ImageCapture.framework/Versions/A/ImageCapture
0x00007fff3640d000 	/System/Library/Frameworks/Carbon.framework/Versions/A/Frameworks/OpenScripting.framework/Versions/A/OpenScripting
0x00007fff36435000 	/System/Library/Frameworks/Carbon.framework/Versions/A/Frameworks/Ink.framework/Versions/A/Ink
0x00007fff3c985000 	/System/Library/Frameworks/Carbon.framework/Versions/A/Frameworks/Print.framework/Versions/A/Print
0x00007fff36431000 	/System/Library/Frameworks/Carbon.framework/Versions/A/Frameworks/SecurityHI.framework/Versions/A/SecurityHI
0x0000000128331000 	/Users/arturshabalin/Library/Java/JavaVirtualMachines/corretto-1.8.0_292/Contents/Home/jre/lib/libawt_lwawt.dylib
0x00000001283e3000 	/Users/arturshabalin/Library/Java/JavaVirtualMachines/corretto-1.8.0_292/Contents/Home/jre/lib/libosxapp.dylib
0x00007fff3bfa0000 	/System/Library/Frameworks/ExceptionHandling.framework/Versions/A/ExceptionHandling

VM Arguments:
jvm_args: -javaagent:/Applications/IntelliJ IDEA Edu.app/Contents/lib/idea_rt.jar=57648:/Applications/IntelliJ IDEA Edu.app/Contents/bin -Dfile.encoding=UTF-8 
java_command: sample.Client map.txt
java_class_path (initial): /Users/arturshabalin/Library/Java/JavaVirtualMachines/corretto-1.8.0_292/Contents/Home/jre/lib/charsets.jar:/Users/arturshabalin/Library/Java/JavaVirtualMachines/corretto-1.8.0_292/Contents/Home/jre/lib/ext/cldrdata.jar:/Users/arturshabalin/Library/Java/JavaVirtualMachines/corretto-1.8.0_292/Contents/Home/jre/lib/ext/dnsns.jar:/Users/arturshabalin/Library/Java/JavaVirtualMachines/corretto-1.8.0_292/Contents/Home/jre/lib/ext/jaccess.jar:/Users/arturshabalin/Library/Java/JavaVirtualMachines/corretto-1.8.0_292/Contents/Home/jre/lib/ext/jfxrt.jar:/Users/arturshabalin/Library/Java/JavaVirtualMachines/corretto-1.8.0_292/Contents/Home/jre/lib/ext/localedata.jar:/Users/arturshabalin/Library/Java/JavaVirtualMachines/corretto-1.8.0_292/Contents/Home/jre/lib/ext/nashorn.jar:/Users/arturshabalin/Library/Java/JavaVirtualMachines/corretto-1.8.0_292/Contents/Home/jre/lib/ext/sunec.jar:/Users/arturshabalin/Library/Java/JavaVirtualMachines/corretto-1.8.0_292/Contents/Home/jre/lib/ext/sunjce_provider.jar:/Users/arturshabalin/Library/Java/JavaVirtualMachines/corretto-1.8.0_292/Contents/Home/jre/lib/ext/sunpkcs11.jar:/Users/arturshabalin/Library/Java/JavaVirtualMachines/corretto-1.8.0_292/Contents/Home/jre/lib/ext/zipfs.jar:/Users/arturshabalin/Library/Java/JavaVirtualMachines/corretto-1.8.0_292/Contents/Home/jre/lib/jce.jar:/Users/arturshabalin/Library/Java/JavaVirtualMachines/corretto-1.8.0_292/Contents/Home/jre/lib/jfr.jar:/Users/arturshabalin/Library/Java/JavaVirtualMachines/corretto-1.8.0_292/Contents/Home/jre/lib/jfxswt.jar:/Users/arturshabalin/Library/Java/JavaVirtualMachines/corretto-1.8.0_292/Contents/Home/jre/lib/jsse.jar:/Users/arturshabalin/Library/Java/JavaVirtualMachines/corretto-1.8.0_292/Contents/Home/jre/lib/management-agent.jar:/Users/arturshabalin/Library/Java/JavaVirtualMachines/corretto-1.8.0_292/Contents/Home/jre/lib/resources.jar:/Users/arturshabalin/Library/Java/JavaVirtualMachines/corretto-1.8.0_292/Contents/Home/jre/lib/rt.jar:/Use
Launcher Type: SUN_STANDARD

Environment Variables:
PATH=/usr/local/bin:/usr/bin:/bin:/usr/sbin:/sbin:/Applications/Little Snitch.app/Contents/Components:/usr/local/share/dotnet:~/.dotnet/tools:/Library/Apple/usr/bin:/Library/Frameworks/Mono.framework/Versions/Current/Commands
SHELL=/bin/zsh

Signal Handlers:
SIGSEGV: [libjvm.dylib+0x5c064b], sa_mask[0]=11111111011111110111111111111111, sa_flags=SA_ONSTACK|SA_RESTART|SA_SIGINFO
SIGBUS: [libjvm.dylib+0x5c064b], sa_mask[0]=11111111011111110111111111111111, sa_flags=SA_RESTART|SA_SIGINFO
SIGFPE: [libjvm.dylib+0x4a2ccd], sa_mask[0]=11111111011111110111111111111111, sa_flags=SA_RESTART|SA_SIGINFO
SIGPIPE: [libjvm.dylib+0x4a2ccd], sa_mask[0]=11111111011111110111111111111111, sa_flags=SA_RESTART|SA_SIGINFO
SIGXFSZ: [libjvm.dylib+0x4a2ccd], sa_mask[0]=11111111011111110111111111111111, sa_flags=SA_RESTART|SA_SIGINFO
SIGILL: [libjvm.dylib+0x4a2ccd], sa_mask[0]=11111111011111110111111111111111, sa_flags=SA_RESTART|SA_SIGINFO
SIGUSR1: SIG_DFL, sa_mask[0]=00000000000000000000000000000000, sa_flags=none
SIGUSR2: [libjvm.dylib+0x4a35d5], sa_mask[0]=00100000000000000000000000000000, sa_flags=SA_RESTART|SA_SIGINFO
SIGHUP: [libjvm.dylib+0x4a17dd], sa_mask[0]=11111111011111110111111111111111, sa_flags=SA_RESTART|SA_SIGINFO
SIGINT: [libjvm.dylib+0x4a17dd], sa_mask[0]=11111111011111110111111111111111, sa_flags=SA_RESTART|SA_SIGINFO
SIGTERM: [libjvm.dylib+0x4a17dd], sa_mask[0]=11111111011111110111111111111111, sa_flags=SA_RESTART|SA_SIGINFO
SIGQUIT: [libjvm.dylib+0x4a17dd], sa_mask[0]=11111111011111110111111111111111, sa_flags=SA_RESTART|SA_SIGINFO


---------------  S Y S T E M  ---------------

OS:Bsduname:Darwin 20.4.0 Darwin Kernel Version 20.4.0: Fri Mar  5 01:14:14 PST 2021; root:xnu-7195.101.1~3/RELEASE_X86_64 x86_64
rlimit: STACK 8192k, CORE 0k, NPROC 1392, NOFILE 10240, AS infinity
load average:1.59 2.34 2.47

CPU:total 4 (initial active 4) (2 cores per cpu, 2 threads per core) family 6 model 142 stepping 9, cmov, cx8, fxsr, mmx, sse, sse2, sse3, ssse3, sse4.1, sse4.2, popcnt, avx, avx2, aes, clmul, erms, 3dnowpref, lzcnt, ht, tsc, tscinvbit, bmi1, bmi2, adx

Memory: 4k page, physical 8388608k(270332k free)

/proc/meminfo:


vm_info: OpenJDK 64-Bit Server VM (25.292-b10) for bsd-amd64 JRE (1.8.0_292-b10), built on Apr 14 2021 15:19:59 by "corretto" with gcc 4.2.1 Compatible Apple LLVM 6.1.0 (clang-602.0.53)

time: Sun May  2 22:32:25 2021
timezone: +06
elapsed time: 40.306261 seconds (0d 0h 0m 40s)

